Build started 31/03/2014 3:43:02 PM.
     1>Project "C:\Users\anton.kurtz\Desktop\AIE_Year2_Framework_v1.0\FastAndBeautiful\Projects\Tut 04 - Advanced Navigation\NavMesh\NavMesh.vcxproj" on node 2 (Build target(s)).
     1>ClCompile:
         C:\Program Files (x86)\Microsoft Visual Studio 11.0\VC\bin\CL.exe /c /ZI /nologo /W3 /WX- /Od /Oy- /D GLM_SWIZZLE /D GLM_FORCE_RADIANS /D GLEW_STATIC /D _MBCS /Gm /EHsc /RTC1 /MDd /GS /fp:precise /Zc:wchar_t /Zc:forScope /Fo"Debug\\" /Fd"Debug\vc110.pdb" /Gd /TP /analyze- /errorReport:prompt NavMesh.cpp
         NavMesh.cpp
     1>c:\users\anton.kurtz\desktop\aie_year2_framework_v1.0\fastandbeautiful\projects\tut 04 - advanced navigation\navmesh\navmesh.cpp(81): error C2676: binary '!=' : 'NavMesh::NavNode' does not define this operator or a conversion to a type acceptable to the predefined operator
     1>c:\users\anton.kurtz\desktop\aie_year2_framework_v1.0\fastandbeautiful\projects\tut 04 - advanced navigation\navmesh\navmesh.cpp(83): error C2819: type 'NavMesh::NavNode' does not have an overloaded member 'operator ->'
                 c:\users\anton.kurtz\desktop\aie_year2_framework_v1.0\fastandbeautiful\projects\tut 04 - advanced navigation\navmesh\navmesh.h(25) : see declaration of 'NavMesh::NavNode'
                 did you intend to use '.' instead?
     1>c:\users\anton.kurtz\desktop\aie_year2_framework_v1.0\fastandbeautiful\projects\tut 04 - advanced navigation\navmesh\navmesh.cpp(83): error C2232: '->NavMesh::NavNode::Position' : left operand has 'struct' type, use '.'
     1>c:\users\anton.kurtz\desktop\aie_year2_framework_v1.0\fastandbeautiful\projects\tut 04 - advanced navigation\navmesh\navmesh.cpp(85): error C2676: binary '!=' : 'NavMesh::NavNode' does not define this operator or a conversion to a type acceptable to the predefined operator
     1>c:\users\anton.kurtz\desktop\aie_year2_framework_v1.0\fastandbeautiful\projects\tut 04 - advanced navigation\navmesh\navmesh.cpp(87): error C2819: type 'NavMesh::NavNode' does not have an overloaded member 'operator ->'
                 c:\users\anton.kurtz\desktop\aie_year2_framework_v1.0\fastandbeautiful\projects\tut 04 - advanced navigation\navmesh\navmesh.h(25) : see declaration of 'NavMesh::NavNode'
                 did you intend to use '.' instead?
     1>c:\users\anton.kurtz\desktop\aie_year2_framework_v1.0\fastandbeautiful\projects\tut 04 - advanced navigation\navmesh\navmesh.cpp(87): error C2232: '->NavMesh::NavNode::Position' : left operand has 'struct' type, use '.'
     1>c:\users\anton.kurtz\desktop\aie_year2_framework_v1.0\fastandbeautiful\projects\tut 04 - advanced navigation\navmesh\navmesh.cpp(89): error C2676: binary '!=' : 'NavMesh::NavNode' does not define this operator or a conversion to a type acceptable to the predefined operator
     1>c:\users\anton.kurtz\desktop\aie_year2_framework_v1.0\fastandbeautiful\projects\tut 04 - advanced navigation\navmesh\navmesh.cpp(91): error C2819: type 'NavMesh::NavNode' does not have an overloaded member 'operator ->'
                 c:\users\anton.kurtz\desktop\aie_year2_framework_v1.0\fastandbeautiful\projects\tut 04 - advanced navigation\navmesh\navmesh.h(25) : see declaration of 'NavMesh::NavNode'
                 did you intend to use '.' instead?
     1>c:\users\anton.kurtz\desktop\aie_year2_framework_v1.0\fastandbeautiful\projects\tut 04 - advanced navigation\navmesh\navmesh.cpp(91): error C2232: '->NavMesh::NavNode::Position' : left operand has 'struct' type, use '.'
     1>c:\users\anton.kurtz\desktop\aie_year2_framework_v1.0\fastandbeautiful\projects\tut 04 - advanced navigation\navmesh\navmesh.cpp(224): error C2679: binary '=' : no operator found which takes a right-hand operand of type 'nullptr' (or there is no acceptable conversion)
                 c:\users\anton.kurtz\desktop\aie_year2_framework_v1.0\fastandbeautiful\projects\tut 04 - advanced navigation\navmesh\navmesh.h(28): could be 'NavMesh::NavNode &NavMesh::NavNode::operator =(const NavMesh::NavNode &)'
                 while trying to match the argument list '(NavMesh::NavNode, nullptr)'
     1>c:\users\anton.kurtz\desktop\aie_year2_framework_v1.0\fastandbeautiful\projects\tut 04 - advanced navigation\navmesh\navmesh.cpp(225): error C2679: binary '=' : no operator found which takes a right-hand operand of type 'nullptr' (or there is no acceptable conversion)
                 c:\users\anton.kurtz\desktop\aie_year2_framework_v1.0\fastandbeautiful\projects\tut 04 - advanced navigation\navmesh\navmesh.h(28): could be 'NavMesh::NavNode &NavMesh::NavNode::operator =(const NavMesh::NavNode &)'
                 while trying to match the argument list '(NavMesh::NavNode, nullptr)'
     1>c:\users\anton.kurtz\desktop\aie_year2_framework_v1.0\fastandbeautiful\projects\tut 04 - advanced navigation\navmesh\navmesh.cpp(226): error C2679: binary '=' : no operator found which takes a right-hand operand of type 'nullptr' (or there is no acceptable conversion)
                 c:\users\anton.kurtz\desktop\aie_year2_framework_v1.0\fastandbeautiful\projects\tut 04 - advanced navigation\navmesh\navmesh.h(28): could be 'NavMesh::NavNode &NavMesh::NavNode::operator =(const NavMesh::NavNode &)'
                 while trying to match the argument list '(NavMesh::NavNode, nullptr)'
     1>c:\users\anton.kurtz\desktop\aie_year2_framework_v1.0\fastandbeautiful\projects\tut 04 - advanced navigation\navmesh\navmesh.cpp(250): error C2679: binary '=' : no operator found which takes a right-hand operand of type 'NavMesh::NavNode *' (or there is no acceptable conversion)
                 c:\users\anton.kurtz\desktop\aie_year2_framework_v1.0\fastandbeautiful\projects\tut 04 - advanced navigation\navmesh\navmesh.h(28): could be 'NavMesh::NavNode &NavMesh::NavNode::operator =(const NavMesh::NavNode &)'
                 while trying to match the argument list '(NavMesh::NavNode, NavMesh::NavNode *)'
     1>c:\users\anton.kurtz\desktop\aie_year2_framework_v1.0\fastandbeautiful\projects\tut 04 - advanced navigation\navmesh\navmesh.cpp(259): error C2679: binary '=' : no operator found which takes a right-hand operand of type 'NavMesh::NavNode *' (or there is no acceptable conversion)
                 c:\users\anton.kurtz\desktop\aie_year2_framework_v1.0\fastandbeautiful\projects\tut 04 - advanced navigation\navmesh\navmesh.h(28): could be 'NavMesh::NavNode &NavMesh::NavNode::operator =(const NavMesh::NavNode &)'
                 while trying to match the argument list '(NavMesh::NavNode, NavMesh::NavNode *)'
     1>c:\users\anton.kurtz\desktop\aie_year2_framework_v1.0\fastandbeautiful\projects\tut 04 - advanced navigation\navmesh\navmesh.cpp(268): error C2679: binary '=' : no operator found which takes a right-hand operand of type 'NavMesh::NavNode *' (or there is no acceptable conversion)
                 c:\users\anton.kurtz\desktop\aie_year2_framework_v1.0\fastandbeautiful\projects\tut 04 - advanced navigation\navmesh\navmesh.h(28): could be 'NavMesh::NavNode &NavMesh::NavNode::operator =(const NavMesh::NavNode &)'
                 while trying to match the argument list '(NavMesh::NavNode, NavMesh::NavNode *)'
     1>Done Building Project "C:\Users\anton.kurtz\Desktop\AIE_Year2_Framework_v1.0\FastAndBeautiful\Projects\Tut 04 - Advanced Navigation\NavMesh\NavMesh.vcxproj" (Build target(s)) -- FAILED.

Build FAILED.

Time Elapsed 00:00:05.89
