Build started 26/03/2014 12:42:50 PM.
     1>Project "C:\Users\anton.kurtz\Desktop\AIE_Year2_Framework_v1.0\FastAndBeautiful\Projects\Texturing\Texturing.vcxproj" on node 2 (Build target(s)).
     1>ClCompile:
         C:\Program Files (x86)\Microsoft Visual Studio 11.0\VC\bin\CL.exe /c /ZI /nologo /W3 /WX- /Od /Oy- /D GLM_SWIZZLE /D GLM_FORCE_RADIANS /D GLEW_STATIC /D _MBCS /Gm /EHsc /RTC1 /MDd /GS /fp:precise /Zc:wchar_t /Zc:forScope /Fo"Debug\\" /Fd"Debug\vc110.pdb" /Gd /TP /analyze- /errorReport:prompt Sprite_Class.cpp Texturing.cpp
         Texturing.cpp
         Sprite_Class.cpp
         Generating Code...
       Link:
         C:\Program Files (x86)\Microsoft Visual Studio 11.0\VC\bin\link.exe /ERRORREPORT:PROMPT /OUT:"Debug\Texturing.exe" /INCREMENTAL /NOLOGO FBXLoader_d.lib AIEFramework_d.lib kernel32.lib user32.lib gdi32.lib winspool.lib comdlg32.lib advapi32.lib shell32.lib ole32.lib oleaut32.lib uuid.lib odbc32.lib odbccp32.lib kernel32.lib user32.lib gdi32.lib winspool.lib comdlg32.lib advapi32.lib shell32.lib ole32.lib oleaut32.lib uuid.lib odbc32.lib odbccp32.lib /MANIFEST /MANIFESTUAC:"level='asInvoker' uiAccess='false'" /manifest:embed /DEBUG /PDB:"Debug\Texturing.pdb" /TLBID:1 /DYNAMICBASE /NXCOMPAT /IMPLIB:"Debug\Texturing.lib" /MACHINE:X86 Debug\Sprite_Class.obj
         Debug\Texturing.obj
         AIEFramework_d.lib(SOIL.obj) : MSIL .netmodule or module compiled with /GL found; restarting link with /LTCG; add /LTCG to the link command line to improve linker performance
     1>LINK : warning LNK4075: ignoring '/INCREMENTAL' due to '/LTCG' specification
     1>Sprite_Class.obj : warning LNK4075: ignoring '/EDITANDCONTINUE' due to '/OPT:LBR' specification
     1>LINK : warning LNK4098: defaultlib 'MSVCRT' conflicts with use of other libs; use /NODEFAULTLIB:library
     1>LINK : warning LNK4098: defaultlib 'LIBCMT' conflicts with use of other libs; use /NODEFAULTLIB:library
         Generating code
         Finished generating code
     1>AIEFramework_d.lib(SOIL.obj) : warning LNK4204: 'C:\Users\anton.kurtz\Desktop\AIE_Year2_Framework_v1.0\FastAndBeautiful\Projects\Texturing\Debug\vc110.pdb' is missing debugging information for referencing module; linking object as if no debug info
     1>AIEFramework_d.lib(stb_image_aug.obj) : warning LNK4204: 'C:\Users\anton.kurtz\Desktop\AIE_Year2_Framework_v1.0\FastAndBeautiful\Projects\Texturing\Debug\vc110.pdb' is missing debugging information for referencing module; linking object as if no debug info
     1>AIEFramework_d.lib(image_helper.obj) : warning LNK4204: 'C:\Users\anton.kurtz\Desktop\AIE_Year2_Framework_v1.0\FastAndBeautiful\Projects\Texturing\Debug\vc110.pdb' is missing debugging information for referencing module; linking object as if no debug info
     1>AIEFramework_d.lib(image_DXT.obj) : warning LNK4204: 'C:\Users\anton.kurtz\Desktop\AIE_Year2_Framework_v1.0\FastAndBeautiful\Projects\Texturing\Debug\vc110.pdb' is missing debugging information for referencing module; linking object as if no debug info
     1>AIEFramework_d.lib(Application.obj) : warning LNK4204: 'C:\Users\anton.kurtz\Desktop\AIE_Year2_Framework_v1.0\FastAndBeautiful\Projects\Texturing\Debug\vc110.pdb' is missing debugging information for referencing module; linking object as if no debug info
     1>AIEFramework_d.lib(Utilities.obj) : warning LNK4204: 'C:\Users\anton.kurtz\Desktop\AIE_Year2_Framework_v1.0\FastAndBeautiful\Projects\Texturing\Debug\vc110.pdb' is missing debugging information for referencing module; linking object as if no debug info
     1>AIEFramework_d.lib(Gizmos.obj) : warning LNK4204: 'C:\Users\anton.kurtz\Desktop\AIE_Year2_Framework_v1.0\FastAndBeautiful\Projects\Texturing\Debug\vc110.pdb' is missing debugging information for referencing module; linking object as if no debug info
     1>AIEFramework_d.lib(glew.obj) : warning LNK4099: PDB 'vc100.pdb' was not found with 'AIEFramework_d.lib(glew.obj)' or at 'C:\Users\anton.kurtz\Desktop\AIE_Year2_Framework_v1.0\FastAndBeautiful\Projects\Texturing\Debug\vc100.pdb'; linking object as if no debug info
         Texturing.vcxproj -> C:\Users\anton.kurtz\Desktop\AIE_Year2_Framework_v1.0\FastAndBeautiful\Projects\Texturing\Debug\Texturing.exe
     1>Done Building Project "C:\Users\anton.kurtz\Desktop\AIE_Year2_Framework_v1.0\FastAndBeautiful\Projects\Texturing\Texturing.vcxproj" (Build target(s)).

Build succeeded.

Time Elapsed 00:00:09.82
